<?xml version="1.0" encoding="UTF-8"?>
<testsuite xmlns:xsi="http://www.w3.org/2001/XMLSchema-instance" xsi:noNamespaceSchemaLocation="https://maven.apache.org/surefire/maven-surefire-plugin/xsd/surefire-test-report-3.0.xsd" version="3.0" name="com.nan.yinxiaolangmanagement.YinxiaolangManagementApplicationTests" time="9.936" tests="1" errors="0" skipped="0" failures="0">
  <properties>
[...]
</properties>
  <testcase name="contextLoads" classname="com.nan.yinxiaolangmanagement.YinxiaolangManagementApplicationTests" time="4.672">
    <system-out><![CDATA[19:23:08.846 [main] INFO org.springframework.test.context.support.AnnotationConfigContextLoaderUtils -- Could not detect default configuration classes for test class [com.nan.yinxiaolangmanagement.YinxiaolangManagementApplicationTests]: YinxiaolangManagementApplicationTests does not declare any static, non-private, non-final, nested classes annotated with @Configuration.
19:23:08.995 [main] INFO org.springframework.boot.test.context.SpringBootTestContextBootstrapper -- Found @SpringBootConfiguration com.nan.YinxiaolangManagementApplication for test class com.nan.yinxiaolangmanagement.YinxiaolangManagementApplicationTests

  .   ____          _            __ _ _
 /\\ / ___'_ __ _ _(_)_ __  __ _ \ \ \ \
( ( )\___ | '_ | '_| | '_ \/ _` | \ \ \ \
 \\/  ___)| |_)| | | | | || (_| |  ) ) ) )
  '  |____| .__|_| |_|_| |_\__, | / / / /
 =========|_|==============|___/=/_/_/_/
 :: Spring Boot ::                (v3.2.0)

2025-05-10T19:23:09.583+08:00  INFO 31132 --- [yinxiaolang-management] [           main] .y.YinxiaolangManagementApplicationTests : Starting YinxiaolangManagementApplicationTests using Java 17.0.12 with PID 31132 (started by zhuwei in C:\Java\yinxiaolang)
2025-05-10T19:23:09.584+08:00 DEBUG 31132 --- [yinxiaolang-management] [           main] .y.YinxiaolangManagementApplicationTests : Running with Spring Boot v3.2.0, Spring v6.1.1
2025-05-10T19:23:09.584+08:00  INFO 31132 --- [yinxiaolang-management] [           main] .y.YinxiaolangManagementApplicationTests : No active profile set, falling back to 1 default profile: "default"
2025-05-10T19:23:09.626+08:00 DEBUG 31132 --- [yinxiaolang-management] [           main] o.s.w.c.s.GenericWebApplicationContext   : Refreshing org.springframework.web.context.support.GenericWebApplicationContext@5b43e173
2025-05-10T19:23:10.895+08:00  INFO 31132 --- [yinxiaolang-management] [           main] o.s.b.a.w.s.WelcomePageHandlerMapping    : Adding welcome page: class path resource [static/index.html]
2025-05-10T19:23:11.067+08:00 DEBUG 31132 --- [yinxiaolang-management] [           main] s.w.s.m.m.a.RequestMappingHandlerMapping : 16 mappings in 'requestMappingHandlerMapping'
2025-05-10T19:23:11.273+08:00 DEBUG 31132 --- [yinxiaolang-management] [           main] o.s.w.s.handler.SimpleUrlHandlerMapping  : Patterns [/webjars/**, /**, /uploads/**] in 'resourceHandlerMapping'
2025-05-10T19:23:11.467+08:00 DEBUG 31132 --- [yinxiaolang-management] [           main] s.w.s.m.m.a.RequestMappingHandlerAdapter : ControllerAdvice beans: 0 @ModelAttribute, 0 @InitBinder, 1 RequestBodyAdvice, 1 ResponseBodyAdvice
2025-05-10T19:23:12.653+08:00 DEBUG 31132 --- [yinxiaolang-management] [           main] .m.m.a.ExceptionHandlerExceptionResolver : ControllerAdvice beans: 0 @ExceptionHandler, 1 ResponseBodyAdvice
2025-05-10T19:23:13.723+08:00  INFO 31132 --- [yinxiaolang-management] [           main] .y.YinxiaolangManagementApplicationTests : Started YinxiaolangManagementApplicationTests in 4.515 seconds (process running for 5.671)
]]></system-out>
  </testcase>
</testsuite>